<?xml version="1.0" encoding="utf-8"?><testsuites><testsuite name="pytest" errors="0" failures="0" skipped="0" tests="47" time="0.667" timestamp="2025-05-21T13:51:24.811484+08:00" hostname="LAPTOP-2G4CECEC"><properties><property name="hypothesis-statistics-tests/test_fuzzing.py::test_fuzz_integers" value="dGVzdHMvdGVzdF9mdXp6aW5nLnB5Ojp0ZXN0X2Z1enpfaW50ZWdlcnM6CgogIC0gZHVyaW5nIGdlbmVyYXRlIHBoYXNlICgwLjE5IHNlY29uZHMpOgogICAgLSBUeXBpY2FsIHJ1bnRpbWVzOiA8IDFtcywgb2Ygd2hpY2ggPCAxbXMgaW4gZGF0YSBnZW5lcmF0aW9uCiAgICAtIDEwMCBwYXNzaW5nIGV4YW1wbGVzLCAwIGZhaWxpbmcgZXhhbXBsZXMsIDAgaW52YWxpZCBleGFtcGxlcwoKICAtIFN0b3BwZWQgYmVjYXVzZSBzZXR0aW5ncy5tYXhfZXhhbXBsZXM9MTAw" /><property name="hypothesis-statistics-tests/test_fuzzing.py::test_fuzz_lists" value="dGVzdHMvdGVzdF9mdXp6aW5nLnB5Ojp0ZXN0X2Z1enpfbGlzdHM6CgogIC0gZHVyaW5nIGdlbmVyYXRlIHBoYXNlICgwLjEzIHNlY29uZHMpOgogICAgLSBUeXBpY2FsIHJ1bnRpbWVzOiB+IDAtMSBtcywgb2Ygd2hpY2ggPCAxbXMgaW4gZGF0YSBnZW5lcmF0aW9uCiAgICAtIDEwMCBwYXNzaW5nIGV4YW1wbGVzLCAwIGZhaWxpbmcgZXhhbXBsZXMsIDEzIGludmFsaWQgZXhhbXBsZXMKCiAgLSBTdG9wcGVkIGJlY2F1c2Ugc2V0dGluZ3MubWF4X2V4YW1wbGVzPTEwMA==" /></properties><testcase classname="tests.test_boundary" name="test_large_float" time="0.001" /><testcase classname="tests.test_boundary" name="test_long_string" time="0.002" /><testcase classname="tests.test_equivalence" name="test_equivalence_class[65536]" time="0.001" /><testcase classname="tests.test_equivalence" name="test_equivalence_class[3.14159]" time="0.001" /><testcase classname="tests.test_equivalence" name="test_equivalence_class[hello world]" time="0.001" /><testcase classname="tests.test_equivalence" name="test_equivalence_class[obj3]" time="0.001" /><testcase classname="tests.test_equivalence" name="test_equivalence_class[obj4]" time="0.001" /><testcase classname="tests.test_equivalence" name="test_equivalence_class[obj5]" time="0.001" /><testcase classname="tests.test_equivalence" name="test_equivalence_class[obj6]" time="0.001" /><testcase classname="tests.test_equivalence" name="test_equivalence_class[obj7]" time="0.001" /><testcase classname="tests.test_equivalence" name="test_equivalence_class[obj8]" time="0.001" /><testcase classname="tests.test_equivalence" name="test_equivalence_class[obj9]" time="0.001" /><testcase classname="tests.test_equivalence" name="test_equivalence_class[obj10]" time="0.001" /><testcase classname="tests.test_equivalence" name="test_equivalence_class[obj11]" time="0.001" /><testcase classname="tests.test_equivalence" name="test_equivalence_class[obj12]" time="0.001" /><testcase classname="tests.test_equivalence" name="test_equivalence_class[obj13]" time="0.001" /><testcase classname="tests.test_equivalence" name="test_equivalence_class[inf]" time="0.001" /><testcase classname="tests.test_equivalence" name="test_equivalence_class[-inf]" time="0.001" /><testcase classname="tests.test_equivalence" name="test_equivalence_class[nan]" time="0.001" /><testcase classname="tests.test_equivalence" name="test_equivalence_class[obj17]" time="0.001" /><testcase classname="tests.test_equivalence" name="test_equivalence_class[obj18]" time="0.001" /><testcase classname="tests.test_equivalence" name="test_equivalence_class[obj19]" time="0.001" /><testcase classname="tests.test_equivalence" name="test_equivalence_class[obj20]" time="0.001" /><testcase classname="tests.test_fuzzing" name="test_fuzz_integers" time="0.189" /><testcase classname="tests.test_fuzzing" name="test_fuzz_lists" time="0.132" /><testcase classname="tests.test_protocol_versions" name="test_protocol_variants[65536]" time="0.001" /><testcase classname="tests.test_protocol_versions" name="test_protocol_variants[3.14159]" time="0.001" /><testcase classname="tests.test_protocol_versions" name="test_protocol_variants[hello world]" time="0.001" /><testcase classname="tests.test_protocol_versions" name="test_protocol_variants[obj3]" time="0.002" /><testcase classname="tests.test_protocol_versions" name="test_protocol_variants[obj4]" time="0.001" /><testcase classname="tests.test_protocol_versions" name="test_protocol_variants[obj5]" time="0.001" /><testcase classname="tests.test_protocol_versions" name="test_protocol_variants[obj6]" time="0.001" /><testcase classname="tests.test_protocol_versions" name="test_protocol_variants[obj7]" time="0.001" /><testcase classname="tests.test_protocol_versions" name="test_protocol_variants[obj8]" time="0.002" /><testcase classname="tests.test_protocol_versions" name="test_protocol_variants[obj9]" time="0.002" /><testcase classname="tests.test_protocol_versions" name="test_protocol_variants[obj10]" time="0.001" /><testcase classname="tests.test_protocol_versions" name="test_protocol_variants[obj11]" time="0.001" /><testcase classname="tests.test_protocol_versions" name="test_protocol_variants[obj12]" time="0.001" /><testcase classname="tests.test_protocol_versions" name="test_protocol_variants[obj13]" time="0.001" /><testcase classname="tests.test_protocol_versions" name="test_protocol_variants[inf]" time="0.001" /><testcase classname="tests.test_protocol_versions" name="test_protocol_variants[-inf]" time="0.001" /><testcase classname="tests.test_protocol_versions" name="test_protocol_variants[nan]" time="0.002" /><testcase classname="tests.test_protocol_versions" name="test_protocol_variants[obj17]" time="0.001" /><testcase classname="tests.test_protocol_versions" name="test_protocol_variants[obj18]" time="0.001" /><testcase classname="tests.test_protocol_versions" name="test_protocol_variants[obj19]" time="0.001" /><testcase classname="tests.test_protocol_versions" name="test_protocol_variants[obj20]" time="0.001" /><testcase classname="tests.test_version_output" name="test_pickle_output_by_version" time="0.005" /></testsuite></testsuites>